-------------------------------------------------------------------------------
Test set: josecabezaspetclinic.JoseCabezasPetClinicApplicationTests
-------------------------------------------------------------------------------
Tests run: 1, Failures: 0, Errors: 1, Skipped: 0, Time elapsed: 0.396 s <<< FAILURE! - in josecabezaspetclinic.JoseCabezasPetClinicApplicationTests
josecabezaspetclinic.JoseCabezasPetClinicApplicationTests  Time elapsed: 0.395 s  <<< ERROR!
java.lang.IllegalStateException: Unable to find a @SpringBootConfiguration, you need to use @ContextConfiguration or @SpringBootTest(classes=...) with your test

